2022-08-12 15:53:35,955:logger:Data Loaded
2022-08-12 15:54:49,425:logger:Data Loaded
2022-08-12 16:09:56,645:logger:Data Loaded
2022-08-12 16:09:56,656:logger:CREATED AT LOADED
2022-08-12 16:09:56,670:logger:SOURCE AT LOADED
2022-08-12 16:09:56,703:logger:22000 Texts Loaded
2022-08-12 16:10:06,147:logger:22000 Polarity Loaded, 22000 subjectivity Loaded & 22000 sentiment Loaded
2022-08-12 16:10:06,342:logger:22000 Texts Loaded
2022-08-12 16:17:31,727:logger:Data Loaded
2022-08-12 16:17:31,736:logger:CREATED AT LOADED
2022-08-12 16:17:31,749:logger:SOURCE AT LOADED
2022-08-12 16:17:31,786:logger:22000 Texts Loaded
2022-08-12 16:17:40,324:logger:22000 Polarity Loaded, 22000 subjectivity Loaded & 22000 sentiment Loaded
2022-08-12 16:17:40,352:logger:FAVORITE COUNT LOADED
2022-08-12 16:17:40,364:logger:RETWEET COUNT LOADED
2022-08-12 16:17:40,383:logger:SCREEN NAME LOADED
2022-08-12 16:17:40,402:logger:FOLLOWERS COUNT LOADED
2022-08-12 16:17:40,420:logger:FRIENDS COUNT LOADED
2022-08-12 16:17:40,429:logger:IS SENSITIVE LOADED
2022-08-12 16:17:40,470:logger:HASHTAGS LOADED
2022-08-12 16:17:40,501:logger:MENTIONS LOADED
2022-08-12 16:17:40,517:logger:LOCATIONS LOADED
2022-08-12 16:17:40,547:logger:22000 Texts Loaded
2022-08-12 16:19:38,420:logger:Data Loaded
2022-08-12 16:19:38,427:logger:CREATED AT LOADED
2022-08-12 16:19:38,439:logger:SOURCE AT LOADED
2022-08-12 16:19:38,468:logger:22000 Texts Loaded
2022-08-12 16:19:46,491:logger:22000 Polarity Loaded, 22000 subjectivity Loaded & 22000 sentiment Loaded
2022-08-12 16:19:46,501:logger:LANGUAGES LOADED
2022-08-12 16:19:46,523:logger:FAVORITE COUNT LOADED
2022-08-12 16:19:46,536:logger:RETWEET COUNT LOADED
2022-08-12 16:19:46,556:logger:SCREEN NAME LOADED
2022-08-12 16:19:46,574:logger:FOLLOWERS COUNT LOADED
2022-08-12 16:19:46,593:logger:FRIENDS COUNT LOADED
2022-08-12 16:19:46,605:logger:IS SENSITIVE LOADED
2022-08-12 16:19:46,651:logger:HASHTAGS LOADED
2022-08-12 16:19:46,680:logger:MENTIONS LOADED
2022-08-12 16:19:46,696:logger:LOCATIONS LOADED
2022-08-12 16:19:46,723:logger:22000 Texts Loaded
2022-08-12 16:19:47,057:logger:CLEAN TEXT LOADED
2022-08-12 16:19:47,492:logger:TWEETS LOADED
2022-08-12 16:19:54,819:logger:Data Loaded
2022-08-12 16:19:54,828:logger:FOLLOWERS COUNT LOADED
2022-08-12 16:19:54,829:logger:FRIENDS COUNT LOADED
2022-08-12 16:19:54,830:logger:5 Texts Loaded
2022-08-12 16:19:54,832:logger:CLEAN TEXT LOADED
2022-08-12 16:19:54,833:logger:HASHTAGS LOADED
2022-08-12 16:19:54,834:logger:IS SENSITIVE LOADED
2022-08-12 16:19:54,834:logger:MENTIONS LOADED
2022-08-12 16:19:54,835:logger:SCREEN NAME LOADED
2022-08-12 16:19:54,835:logger:5 Texts Loaded
2022-08-12 16:19:54,889:logger:5 Polarity Loaded, 5 subjectivity Loaded & 5 sentiment Loaded
2022-08-12 16:19:54,889:logger:5 Status counts Loaded
